<?xml version="1.0" encoding="UTF-8" ?>
<testsuite tests="31" failures="0" name="edu.yu.cs.com1320.project.stage5.impl.BaseDirNonNullTest" time="0.269" errors="0" skipped="0">
  <properties>
    <property name="java.runtime.name" value="Java(TM) SE Runtime Environment"/>
    <property name="sun.boot.library.path" value="C:\Program Files\Java\jdk1.8.0_221\jre\bin"/>
    <property name="java.vm.version" value="25.221-b11"/>
    <property name="java.vm.vendor" value="Oracle Corporation"/>
    <property name="maven.multiModuleProjectDirectory" value="C:\Users\jhall\Desktop\MYGIT\HallerJonathan\DataStructures\project\stage5"/>
    <property name="java.vendor.url" value="http://java.oracle.com/"/>
    <property name="path.separator" value=";"/>
    <property name="guice.disable.misplaced.annotation.check" value="true"/>
    <property name="java.vm.name" value="Java HotSpot(TM) 64-Bit Server VM"/>
    <property name="file.encoding.pkg" value="sun.io"/>
    <property name="user.script" value=""/>
    <property name="user.country" value="US"/>
    <property name="sun.java.launcher" value="SUN_STANDARD"/>
    <property name="sun.os.patch.level" value=""/>
    <property name="java.vm.specification.name" value="Java Virtual Machine Specification"/>
    <property name="user.dir" value="C:\Users\jhall\Desktop\MYGIT\HallerJonathan\DataStructures\project\stage5"/>
    <property name="java.runtime.version" value="1.8.0_221-b11"/>
    <property name="java.awt.graphicsenv" value="sun.awt.Win32GraphicsEnvironment"/>
    <property name="java.endorsed.dirs" value="C:\Program Files\Java\jdk1.8.0_221\jre\lib\endorsed"/>
    <property name="os.arch" value="amd64"/>
    <property name="java.io.tmpdir" value="C:\Users\jhall\AppData\Local\Temp\"/>
    <property name="line.separator" value="
"/>
    <property name="java.vm.specification.vendor" value="Oracle Corporation"/>
    <property name="user.variant" value=""/>
    <property name="os.name" value="Windows 10"/>
    <property name="classworlds.conf" value="C:\Program Files\apache-maven-3.6.3\bin\..\bin\m2.conf"/>
    <property name="sun.jnu.encoding" value="Cp1252"/>
    <property name="java.library.path" value="C:\Program Files\Java\jdk1.8.0_221\bin;C:\WINDOWS\Sun\Java\bin;C:\WINDOWS\system32;C:\WINDOWS;C:\Program Files\Java\jdk1.8.0_221\bin;C:\WINDOWS\system32;C:\WINDOWS;C:\WINDOWS\System32\Wbem;C:\WINDOWS\System32\WindowsPowerShell\v1.0\;C:\WINDOWS\System32\OpenSSH\;C:\Program Files\Intel\WiFi\bin\;C:\Program Files\Common Files\Intel\WirelessCommon\;C:\Program Files\Git\cmd;C:\Program Files\apache-maven-3.6.3\bin;&quot;C:\Users\jhall\AppData\Roaming\Microsoft\Windows\Start Menu\Programs\Python 3.8;C:\Users\jhall\AppData\Roaming\Microsoft\Windows\Start Menu\Programs\Python 3.8&quot;;C:\Users\jhall\AppData\Local\Programs\Python\Python38-32\Scripts\;C:\Users\jhall\AppData\Local\Programs\Python\Python38-32\;C:\Users\jhall\AppData\Local\Microsoft\WindowsApps;C:\Users\jhall\AppData\Local\Microsoft\WindowsApps;;C:\Users\jhall\AppData\Local\Programs\Microsoft VS Code\bin;."/>
    <property name="maven.conf" value="C:\Program Files\apache-maven-3.6.3\bin\../conf"/>
    <property name="java.specification.name" value="Java Platform API Specification"/>
    <property name="java.class.version" value="52.0"/>
    <property name="sun.management.compiler" value="HotSpot 64-Bit Tiered Compilers"/>
    <property name="os.version" value="10.0"/>
    <property name="library.jansi.path" value="C:\Program Files\apache-maven-3.6.3\bin\..\lib\jansi-native"/>
    <property name="user.home" value="C:\Users\jhall"/>
    <property name="user.timezone" value="America/New_York"/>
    <property name="java.awt.printerjob" value="sun.awt.windows.WPrinterJob"/>
    <property name="java.specification.version" value="1.8"/>
    <property name="file.encoding" value="Cp1252"/>
    <property name="user.name" value="jhall"/>
    <property name="java.class.path" value="C:\Program Files\apache-maven-3.6.3\bin\..\boot\plexus-classworlds-2.6.0.jar"/>
    <property name="java.vm.specification.version" value="1.8"/>
    <property name="sun.arch.data.model" value="64"/>
    <property name="java.home" value="C:\Program Files\Java\jdk1.8.0_221\jre"/>
    <property name="sun.java.command" value="org.codehaus.plexus.classworlds.launcher.Launcher test"/>
    <property name="java.specification.vendor" value="Oracle Corporation"/>
    <property name="user.language" value="en"/>
    <property name="awt.toolkit" value="sun.awt.windows.WToolkit"/>
    <property name="java.vm.info" value="mixed mode"/>
    <property name="java.version" value="1.8.0_221"/>
    <property name="java.ext.dirs" value="C:\Program Files\Java\jdk1.8.0_221\jre\lib\ext;C:\WINDOWS\Sun\Java\lib\ext"/>
    <property name="sun.boot.class.path" value="C:\Program Files\Java\jdk1.8.0_221\jre\lib\resources.jar;C:\Program Files\Java\jdk1.8.0_221\jre\lib\rt.jar;C:\Program Files\Java\jdk1.8.0_221\jre\lib\sunrsasign.jar;C:\Program Files\Java\jdk1.8.0_221\jre\lib\jsse.jar;C:\Program Files\Java\jdk1.8.0_221\jre\lib\jce.jar;C:\Program Files\Java\jdk1.8.0_221\jre\lib\charsets.jar;C:\Program Files\Java\jdk1.8.0_221\jre\lib\jfr.jar;C:\Program Files\Java\jdk1.8.0_221\jre\classes"/>
    <property name="sun.stderr.encoding" value="cp437"/>
    <property name="java.vendor" value="Oracle Corporation"/>
    <property name="maven.home" value="C:\Program Files\apache-maven-3.6.3\bin\.."/>
    <property name="file.separator" value="\"/>
    <property name="java.vendor.url.bug" value="http://bugreport.sun.com/bugreport/"/>
    <property name="sun.cpu.endian" value="little"/>
    <property name="sun.io.unicode.encoding" value="UnicodeLittle"/>
    <property name="sun.stdout.encoding" value="cp437"/>
    <property name="sun.desktop" value="windows"/>
    <property name="sun.cpu.isalist" value="amd64"/>
  </properties>
  <testcase classname="edu.yu.cs.com1320.project.stage5.impl.BaseDirNonNullTest" name="searchReheapify1" time="0.016"/>
  <testcase classname="edu.yu.cs.com1320.project.stage5.impl.BaseDirNonNullTest" name="searchReheapify2" time="0"/>
  <testcase classname="edu.yu.cs.com1320.project.stage5.impl.BaseDirNonNullTest" name="putSameDoc" time="0.016"/>
  <testcase classname="edu.yu.cs.com1320.project.stage5.impl.BaseDirNonNullTest" name="setAfterTest" time="0"/>
  <testcase classname="edu.yu.cs.com1320.project.stage5.impl.BaseDirNonNullTest" name="searchPrefixReheapify1" time="0.015"/>
  <testcase classname="edu.yu.cs.com1320.project.stage5.impl.BaseDirNonNullTest" name="searchPrefixReheapify2" time="0"/>
  <testcase classname="edu.yu.cs.com1320.project.stage5.impl.BaseDirNonNullTest" name="getPdf" time="0.016"/>
  <testcase classname="edu.yu.cs.com1320.project.stage5.impl.BaseDirNonNullTest" name="undoDeleteAll" time="0.006"/>
  <testcase classname="edu.yu.cs.com1320.project.stage5.impl.BaseDirNonNullTest" name="searchPdfReheapify1" time="0"/>
  <testcase classname="edu.yu.cs.com1320.project.stage5.impl.BaseDirNonNullTest" name="searchPdfReheapify2" time="0"/>
  <testcase classname="edu.yu.cs.com1320.project.stage5.impl.BaseDirNonNullTest" name="searchList" time="0.022"/>
  <testcase classname="edu.yu.cs.com1320.project.stage5.impl.BaseDirNonNullTest" name="searchTest" time="0.003"/>
  <testcase classname="edu.yu.cs.com1320.project.stage5.impl.BaseDirNonNullTest" name="getDocPDFReheapify1" time="0"/>
  <testcase classname="edu.yu.cs.com1320.project.stage5.impl.BaseDirNonNullTest" name="getDocPDFReheapify2" time="0.015"/>
  <testcase classname="edu.yu.cs.com1320.project.stage5.impl.BaseDirNonNullTest" name="undoReplaceDocsUsed" time="0.047"/>
  <testcase classname="edu.yu.cs.com1320.project.stage5.impl.BaseDirNonNullTest" name="searchPDFPrefixList" time="0.013"/>
  <testcase classname="edu.yu.cs.com1320.project.stage5.impl.BaseDirNonNullTest" name="searchPDFList" time="0"/>
  <testcase classname="edu.yu.cs.com1320.project.stage5.impl.BaseDirNonNullTest" name="searchPDFTest" time="0.021"/>
  <testcase classname="edu.yu.cs.com1320.project.stage5.impl.BaseDirNonNullTest" name="simpleDeleteInHeap" time="0"/>
  <testcase classname="edu.yu.cs.com1320.project.stage5.impl.BaseDirNonNullTest" name="getText" time="0.016"/>
  <testcase classname="edu.yu.cs.com1320.project.stage5.impl.BaseDirNonNullTest" name="simpleDeleteAllInHeap" time="0"/>
  <testcase classname="edu.yu.cs.com1320.project.stage5.impl.BaseDirNonNullTest" name="undoDeleteDocsUsed" time="0"/>
  <testcase classname="edu.yu.cs.com1320.project.stage5.impl.BaseDirNonNullTest" name="replaceTest" time="0.015"/>
  <testcase classname="edu.yu.cs.com1320.project.stage5.impl.BaseDirNonNullTest" name="getDocTextReheapify1" time="0"/>
  <testcase classname="edu.yu.cs.com1320.project.stage5.impl.BaseDirNonNullTest" name="getDocTextReheapify2" time="0"/>
  <testcase classname="edu.yu.cs.com1320.project.stage5.impl.BaseDirNonNullTest" name="searchPrefixList" time="0.016"/>
  <testcase classname="edu.yu.cs.com1320.project.stage5.impl.BaseDirNonNullTest" name="searchPrefixTest" time="0"/>
  <testcase classname="edu.yu.cs.com1320.project.stage5.impl.BaseDirNonNullTest" name="undoPutDocsUsed" time="0"/>
  <testcase classname="edu.yu.cs.com1320.project.stage5.impl.BaseDirNonNullTest" name="searchPDFPrefixReheapify1" time="0.016"/>
  <testcase classname="edu.yu.cs.com1320.project.stage5.impl.BaseDirNonNullTest" name="searchPDFPrefixReheapify2" time="0"/>
  <testcase classname="edu.yu.cs.com1320.project.stage5.impl.BaseDirNonNullTest" name="getText2" time="0.016"/>
</testsuite>