<?xml version="1.0" encoding="UTF-8" ?>
<testsuite tests="36" failures="0" name="edu.yu.cs.com1320.project.stage5.impl.JudahDocumentStoreStage4Test" time="0.565" errors="0" skipped="0">
  <properties>
    <property name="java.runtime.name" value="Java(TM) SE Runtime Environment"/>
    <property name="sun.boot.library.path" value="C:\Program Files\Java\jdk1.8.0_221\jre\bin"/>
    <property name="java.vm.version" value="25.221-b11"/>
    <property name="java.vm.vendor" value="Oracle Corporation"/>
    <property name="maven.multiModuleProjectDirectory" value="C:\Users\jhall\Desktop\MYGIT\HallerJonathan\DataStructures\project\stage5"/>
    <property name="java.vendor.url" value="http://java.oracle.com/"/>
    <property name="path.separator" value=";"/>
    <property name="guice.disable.misplaced.annotation.check" value="true"/>
    <property name="java.vm.name" value="Java HotSpot(TM) 64-Bit Server VM"/>
    <property name="file.encoding.pkg" value="sun.io"/>
    <property name="user.script" value=""/>
    <property name="user.country" value="US"/>
    <property name="sun.java.launcher" value="SUN_STANDARD"/>
    <property name="sun.os.patch.level" value=""/>
    <property name="java.vm.specification.name" value="Java Virtual Machine Specification"/>
    <property name="user.dir" value="C:\Users\jhall\Desktop\MYGIT\HallerJonathan\DataStructures\project\stage5"/>
    <property name="java.runtime.version" value="1.8.0_221-b11"/>
    <property name="java.awt.graphicsenv" value="sun.awt.Win32GraphicsEnvironment"/>
    <property name="java.endorsed.dirs" value="C:\Program Files\Java\jdk1.8.0_221\jre\lib\endorsed"/>
    <property name="os.arch" value="amd64"/>
    <property name="java.io.tmpdir" value="C:\Users\jhall\AppData\Local\Temp\"/>
    <property name="line.separator" value="
"/>
    <property name="java.vm.specification.vendor" value="Oracle Corporation"/>
    <property name="user.variant" value=""/>
    <property name="os.name" value="Windows 10"/>
    <property name="classworlds.conf" value="C:\Program Files\apache-maven-3.6.3\bin\..\bin\m2.conf"/>
    <property name="sun.jnu.encoding" value="Cp1252"/>
    <property name="java.library.path" value="C:\Program Files\Java\jdk1.8.0_221\bin;C:\WINDOWS\Sun\Java\bin;C:\WINDOWS\system32;C:\WINDOWS;C:\Program Files\Java\jdk1.8.0_221\bin;C:\WINDOWS\system32;C:\WINDOWS;C:\WINDOWS\System32\Wbem;C:\WINDOWS\System32\WindowsPowerShell\v1.0\;C:\WINDOWS\System32\OpenSSH\;C:\Program Files\Intel\WiFi\bin\;C:\Program Files\Common Files\Intel\WirelessCommon\;C:\Program Files\Git\cmd;C:\Program Files\apache-maven-3.6.3\bin;&quot;C:\Users\jhall\AppData\Roaming\Microsoft\Windows\Start Menu\Programs\Python 3.8;C:\Users\jhall\AppData\Roaming\Microsoft\Windows\Start Menu\Programs\Python 3.8&quot;;C:\Users\jhall\AppData\Local\Programs\Python\Python38-32\Scripts\;C:\Users\jhall\AppData\Local\Programs\Python\Python38-32\;C:\Users\jhall\AppData\Local\Microsoft\WindowsApps;C:\Users\jhall\AppData\Local\Microsoft\WindowsApps;;C:\Users\jhall\AppData\Local\Programs\Microsoft VS Code\bin;."/>
    <property name="maven.conf" value="C:\Program Files\apache-maven-3.6.3\bin\../conf"/>
    <property name="java.specification.name" value="Java Platform API Specification"/>
    <property name="java.class.version" value="52.0"/>
    <property name="sun.management.compiler" value="HotSpot 64-Bit Tiered Compilers"/>
    <property name="os.version" value="10.0"/>
    <property name="library.jansi.path" value="C:\Program Files\apache-maven-3.6.3\bin\..\lib\jansi-native"/>
    <property name="user.home" value="C:\Users\jhall"/>
    <property name="user.timezone" value="America/New_York"/>
    <property name="java.awt.printerjob" value="sun.awt.windows.WPrinterJob"/>
    <property name="java.specification.version" value="1.8"/>
    <property name="file.encoding" value="Cp1252"/>
    <property name="user.name" value="jhall"/>
    <property name="java.class.path" value="C:\Program Files\apache-maven-3.6.3\bin\..\boot\plexus-classworlds-2.6.0.jar"/>
    <property name="java.vm.specification.version" value="1.8"/>
    <property name="sun.arch.data.model" value="64"/>
    <property name="java.home" value="C:\Program Files\Java\jdk1.8.0_221\jre"/>
    <property name="sun.java.command" value="org.codehaus.plexus.classworlds.launcher.Launcher test"/>
    <property name="java.specification.vendor" value="Oracle Corporation"/>
    <property name="user.language" value="en"/>
    <property name="awt.toolkit" value="sun.awt.windows.WToolkit"/>
    <property name="java.vm.info" value="mixed mode"/>
    <property name="java.version" value="1.8.0_221"/>
    <property name="java.ext.dirs" value="C:\Program Files\Java\jdk1.8.0_221\jre\lib\ext;C:\WINDOWS\Sun\Java\lib\ext"/>
    <property name="sun.boot.class.path" value="C:\Program Files\Java\jdk1.8.0_221\jre\lib\resources.jar;C:\Program Files\Java\jdk1.8.0_221\jre\lib\rt.jar;C:\Program Files\Java\jdk1.8.0_221\jre\lib\sunrsasign.jar;C:\Program Files\Java\jdk1.8.0_221\jre\lib\jsse.jar;C:\Program Files\Java\jdk1.8.0_221\jre\lib\jce.jar;C:\Program Files\Java\jdk1.8.0_221\jre\lib\charsets.jar;C:\Program Files\Java\jdk1.8.0_221\jre\lib\jfr.jar;C:\Program Files\Java\jdk1.8.0_221\jre\classes"/>
    <property name="sun.stderr.encoding" value="cp437"/>
    <property name="java.vendor" value="Oracle Corporation"/>
    <property name="maven.home" value="C:\Program Files\apache-maven-3.6.3\bin\.."/>
    <property name="file.separator" value="\"/>
    <property name="java.vendor.url.bug" value="http://bugreport.sun.com/bugreport/"/>
    <property name="sun.cpu.endian" value="little"/>
    <property name="sun.io.unicode.encoding" value="UnicodeLittle"/>
    <property name="sun.stdout.encoding" value="cp437"/>
    <property name="sun.desktop" value="windows"/>
    <property name="sun.cpu.isalist" value="amd64"/>
  </properties>
  <testcase classname="edu.yu.cs.com1320.project.stage5.impl.JudahDocumentStoreStage4Test" name="stage3DeleteAllWithPrefix" time="0.015"/>
  <testcase classname="edu.yu.cs.com1320.project.stage5.impl.JudahDocumentStoreStage4Test" name="stage3SearchPDFs" time="0.074"/>
  <testcase classname="edu.yu.cs.com1320.project.stage5.impl.JudahDocumentStoreStage4Test" name="stage4TestUpdateDocLastUseTimeOnSearchPDFs" time="0.015"/>
  <testcase classname="edu.yu.cs.com1320.project.stage5.impl.JudahDocumentStoreStage4Test" name="stage4TestUpdateDocLastUseTimeOnSearch" time="0"/>
  <testcase classname="edu.yu.cs.com1320.project.stage5.impl.JudahDocumentStoreStage4Test" name="stage3SearchByPrefix" time="0"/>
  <testcase classname="edu.yu.cs.com1320.project.stage5.impl.JudahDocumentStoreStage4Test" name="stage4TestMaxDocBytesViaSearch" time="0.032"/>
  <testcase classname="edu.yu.cs.com1320.project.stage5.impl.JudahDocumentStoreStage4Test" name="testPutPdfDocumentNoPreviousDocAtURI" time="0.008"/>
  <testcase classname="edu.yu.cs.com1320.project.stage5.impl.JudahDocumentStoreStage4Test" name="stage4TestMaxDocCountViaPut" time="0.02"/>
  <testcase classname="edu.yu.cs.com1320.project.stage5.impl.JudahDocumentStoreStage4Test" name="stage4TestMaxDocsWhenDoubleMaxViaPut" time="0.031"/>
  <testcase classname="edu.yu.cs.com1320.project.stage5.impl.JudahDocumentStoreStage4Test" name="stage3TestSearchByKeyword" time="0.01"/>
  <testcase classname="edu.yu.cs.com1320.project.stage5.impl.JudahDocumentStoreStage4Test" name="stage4TestNoUpdateDocLastUseTimeOnProtectedGet" time="0.01"/>
  <testcase classname="edu.yu.cs.com1320.project.stage5.impl.JudahDocumentStoreStage4Test" name="stage4TestUpdateDocLastUseTimeOnSearchByPrefix" time="0"/>
  <testcase classname="edu.yu.cs.com1320.project.stage5.impl.JudahDocumentStoreStage4Test" name="stage4TestMaxBytesWhenDoubleMaxViaPut" time="0.02"/>
  <testcase classname="edu.yu.cs.com1320.project.stage5.impl.JudahDocumentStoreStage4Test" name="testPutNewVersionOfDocumentPdf" time="0.018"/>
  <testcase classname="edu.yu.cs.com1320.project.stage5.impl.JudahDocumentStoreStage4Test" name="testPutNewVersionOfDocumentTxt" time="0.002"/>
  <testcase classname="edu.yu.cs.com1320.project.stage5.impl.JudahDocumentStoreStage4Test" name="testGetTxtDocAsPdf" time="0.008"/>
  <testcase classname="edu.yu.cs.com1320.project.stage5.impl.JudahDocumentStoreStage4Test" name="testGetTxtDocAsTxt" time="0.002"/>
  <testcase classname="edu.yu.cs.com1320.project.stage5.impl.JudahDocumentStoreStage4Test" name="stage4TestUpdateDocLastUseTimeOnSearchPDFsByPrefix" time="0.011"/>
  <testcase classname="edu.yu.cs.com1320.project.stage5.impl.JudahDocumentStoreStage4Test" name="stage3DeleteAll" time="0"/>
  <testcase classname="edu.yu.cs.com1320.project.stage5.impl.JudahDocumentStoreStage4Test" name="stage4TestUndoAfterMaxBytes" time="0.02"/>
  <testcase classname="edu.yu.cs.com1320.project.stage5.impl.JudahDocumentStoreStage4Test" name="stage4TestUpdateDocLastUseTimeOnPut" time="0.008"/>
  <testcase classname="edu.yu.cs.com1320.project.stage5.impl.JudahDocumentStoreStage4Test" name="stage3TestDeleteAllByKeyword" time="0.01"/>
  <testcase classname="edu.yu.cs.com1320.project.stage5.impl.JudahDocumentStoreStage4Test" name="stage4TestUndoAfterMaxDocCount" time="0.018"/>
  <testcase classname="edu.yu.cs.com1320.project.stage5.impl.JudahDocumentStoreStage4Test" name="testDeleteDoc" time="0.002"/>
  <testcase classname="edu.yu.cs.com1320.project.stage5.impl.JudahDocumentStoreStage4Test" name="testDeleteDocReturnValue" time="0.01"/>
  <testcase classname="edu.yu.cs.com1320.project.stage5.impl.JudahDocumentStoreStage4Test" name="stage3TestSearchByPrefix" time="0.021"/>
  <testcase classname="edu.yu.cs.com1320.project.stage5.impl.JudahDocumentStoreStage4Test" name="stage3SearchPDFsByPrefix" time="0.02"/>
  <testcase classname="edu.yu.cs.com1320.project.stage5.impl.JudahDocumentStoreStage4Test" name="stage4TestUpdateDocLastUseTimeOnOverwrite" time="0.008"/>
  <testcase classname="edu.yu.cs.com1320.project.stage5.impl.JudahDocumentStoreStage4Test" name="stage3Search" time="0.002"/>
  <testcase classname="edu.yu.cs.com1320.project.stage5.impl.JudahDocumentStoreStage4Test" name="stage4TestMaxDocBytesViaPut" time="0.03"/>
  <testcase classname="edu.yu.cs.com1320.project.stage5.impl.JudahDocumentStoreStage4Test" name="testPutTxtDocumentNoPreviousDocAtURI" time="0"/>
  <testcase classname="edu.yu.cs.com1320.project.stage5.impl.JudahDocumentStoreStage4Test" name="testGetPdfDocAsPdf" time="0.01"/>
  <testcase classname="edu.yu.cs.com1320.project.stage5.impl.JudahDocumentStoreStage4Test" name="testGetPdfDocAsTxt" time="0.01"/>
  <testcase classname="edu.yu.cs.com1320.project.stage5.impl.JudahDocumentStoreStage4Test" name="stage3TestDeleteAllByPrefix" time="0.019"/>
  <testcase classname="edu.yu.cs.com1320.project.stage5.impl.JudahDocumentStoreStage4Test" name="testPutDocumentWithNullArguments" time="0.002"/>
  <testcase classname="edu.yu.cs.com1320.project.stage5.impl.JudahDocumentStoreStage4Test" name="stage4TestMaxDocCountViaSearch" time="0.099"/>
</testsuite>